<?xml version="1.0" encoding="UTF-8"?>
<!-- Generated by org.testng.reporters.JUnitReportReporter -->
<testsuite hostname="Macintosh-4.home" failures="0" tests="2" name="Test.AddEmployeeTest" time="15.445" errors="0" timestamp="2022-05-16T22:17:55 EDT" skipped="0">
  <testcase classname="Test.AddEmployeeTest" name="addMultipleEmployee" time="2.602"/>
  <system-out/>
  <testcase classname="Test.AddEmployeeTest" name="addEmployee" time="12.843"/>
  <system-out/>
</testsuite> <!-- Test.AddEmployeeTest -->
